c[?7l[2J[0mSeaBIOS (version 1.16.3-debian-1.16.3-2)


iPXE (https://ipxe.org) 00:03.0 CA00 PCI2.10 PnP PMM+06FCAF60+06F0AF60 CA00
Press Ctrl-B to configure iPXE (PCI 00:03.0)...


Booting from Hard Disk...
[eterOS] Bootloader Stage 1
  Cargando Stage 2... OK
[eterOS] Stage 2 activo
  Long Mode: Soportado
  Memoria detectada (E820)
  Cargando Kernel...   Cargando Initrd...   Configurando VBE 1024x768...
[01;02H[01;13H[01;24H[DEBUG] _kernel_start: 0x0x0000000000100000
[DEBUG] _bss_start: 0x0x0000000000122000
[DEBUG] _kernel_end: 0x0x000000000038EFDC
[DEBUG] kmain: 0x0x0000000000100000
[SMP] BSP (CPU 0) Initialized. GS_BASE set.
[GDT] Inicializando GDT y TSS (BSP)...
[GDT] GDT cargada. TSS activa.
[eterOS] IDT cargada (256 vectores).
[SYSCALL] Initializing MSRs for x86_64...
[SYSCALL] x86_64 mechanism enabled.
[MOUSE] Inicializando PS/2 Mouse (Standard)...
[MOUSE] Original Config Byte: 71
[MOUSE] Configured Config Byte: 53
[MOUSE] Reset (0xFF)... FA BAT: AA ID: 00
[MOUSE] Defaults (0xF6)... FA
[MOUSE] Enable (0xF4)... FA
[MOUSE] Driver inicializado y IRQ12 unmasked.
[eterOS] PIT configurado a ~100 Hz.
[IRQ12]
[HAL] Interrupts enabled.
[DEBUG] HAL Initialized returned to main.
[ACPI] Detecting System Hardware...
[ACPI] MADT en: 0x0x0000000007FE1B7A LAPIC Addr: 0x0x00000000FEE00000
[ACPI] CPU Found! Index: 0 APIC ID: 0
[ACPI] I/O APIC Found! Addr: 0x0x00000000FEC00000
[ACPI] Total CPUs detected: 1
[ACPI] FACP (FADT) table found.
[PMM] Inicializando Gestor de Memoria Fisica...
[PMM] E820 entry_count raw = 7
[PMM] Region: Base=0x0x0000000000000000 Len=0x0x000000000009FC00 Type=1
[PMM] Region: Base=0x0x000000000009FC00 Len=0x0x0000000000000400 Type=2
[PMM] Region: Base=0x0x00000000000F0000 Len=0x0x0000000000010000 Type=2
[PMM] Region: Base=0x0x0000000000100000 Len=0x0x0000000007EE0000 Type=1
[PMM] Region: Base=0x0x0000000007FE0000 Len=0x0x0000000000020000 Type=2
[PMM] Region: Base=0x0x00000000FFFC0000 Len=0x0x0000000000040000 Type=2
[PMM] Region: Base=0x0x000000FD00000000 Len=0x0x0000000300000000 Type=2
[PMM] total_ram = 127 MB
[PMM] Bitmap at 0x400000, processing E820 regions...
[PMM] Init complete. Free RAM: 127232 KB, total_pages=32736
[VMM] Inicializando Gestor de Memoria Virtual...
[VMM] Usando PML4 del bootloader en 0x0x000000000000A000
[MM] Heap inicializado dinamicamente.
     Start: 0x0x000000000038F000
     Size:  96 MB
[VMM] Allocating new page table at 0x000000000638F000
[VMM] Allocating new page table at 0x0000000006390000
[VMM] Allocating new page table at 0x0000000006391000
[VMM] Allocating new page table at 0x0000000006392000
[VMM] Allocating new page table at 0x0000000006393000
[FB] LFB Physical: 0x00000000FD000000 mapped to Virtual: 0xFFFFFFFFE0000000
[SCHED] Scheduler Round-Robin inicializado
[APIC] Initializing Local APIC at 0x0x00000000FEE00000
[SMP] Single CPU system detected, skipping SMP boot.
[INITRD] Check at 0x0x0000000000040000
[INITRD] Initialized at 0x0x0000000000040000. Found 12 files.
[VFS] Initrd mounted at /
[VFS] mkdir: /dev
      Parent: / Name: dev
      Parent Node Flags: 0x0000000000000002
      mkdir_fs returned: 0
[VFS] mkdir: /dev/shm
      Parent: /dev Name: shm
      Parent Node Flags: 0x0000000000000002
      mkdir_fs returned: -1
[VFS] mkdir: /proc
      Parent: / Name: proc
      Parent Node Flags: 0x0000000000000002
      mkdir_fs returned: 0
[VFS] mkdir: /data
      Parent: / Name: data
      Parent Node Flags: 0x0000000000000002
      mkdir_fs returned: 0
[JFS] Initializing (Size: 4194304)...
[JFS] Buffer allocated at 0x0x000000000098F180
[JFS] Clearing buffer...
[JFS] Buffer cleared.
[JFS] Initialized (4MB RAM Disk). Journaling Enabled.
  [VFS] Found file: data
  [VFS] Found file: proc
  [VFS] Found file: dev
  [VFS] Found file: marea_shell.elf
  [VFS] Found file: useradd.elf
  [VFS] Found file: README
  [VFS] Found file: sh.elf
  [VFS] Found file: login.elf
  [VFS] Found file: eterland.elf
  [VFS] Found file: logo.png
  [VFS] Found file: userdel.elf
  [VFS] Found file: hello.txt
  [VFS] Found file: passwd.elf
  [VFS] Found file: logo.raw
  [VFS] Found file: etc/autologin

          _             ___  ____
     ___ | |_ ___  _ _ / _ \/ ___|
    / _ \| __/ _ \| '_| | | \___ \
   |  __/| ||  __/| | | |_| |___) |
    \___| \__\___||_|  \___/|____/

  ========================================
    Version 0.2.0 ("Genesis SMP")
    (c) 2026 Tudex Networks
  ========================================

[INFO ] Kernel loaded.
[INFO ] Kernel loaded.
[INFO ] (c) 2026 Tudex Networks
[INFO ] (c) 2026 Tudex Networks
  [INFO] Arquitectura: x86_64
  [INFO] Board/Target: Generic

  [NET]  Escaneando dispositivos de red...
[E1000] MMIO Base: 0x0x00000000FEB80000
  [NET]  Hardware inicializado.
[VMM] Allocating new page table at 0x000000000639C000
[VMM] Allocating new page table at 0x000000000639D000
[VMM] Allocating new page table at 0x000000000639E000
[SCHED] Tarea creada: Network
[DEBUG] boot_info ptr: 0x0x0000000000009E00
[DEBUG] boot_info->fb_addr: 0x0x00000000FD000000
  [INIT] Lanzando User Mode Test...
[SCHED] Tarea creada: UserLoader
[USER] Starting User Mode Loader...
[ELF] Loading file: eterland.elf
[ELF] Detected Linux ABI.
[ELF] Type: ET_EXEC. Ignoring base offset.
[VMM] Allocating new page table at 0x00000000063B6000
[VMM] Allocating new page table at 0x00000000063B7000
[ELF] Set process BRK to 0x0x00000002000262B8
[USER] ELF Loaded Successfully. Entry: 0x0000000200000000
[VMM] Allocating new page table at 0x00000000063EF000
[VMM] Allocating new page table at 0x00000000063F0000
[VMM] Allocating new page table at 0x00000000063F3000
[VMM] Allocating new page table at 0x00000000063F5000
[USER] Jumping to Ring 3...
[Eterland] Starting Compositor UI...
[VMM] Allocating new page table at 0x00000000063F6000
[VMM] Allocating new page table at 0x00000000063F7000
[VMM] Allocating new page table at 0x00000000063F8000
[VMM] Allocating new page table at 0x00000000063F9000
[VMM] Allocating new page table at 0x00000000063FA000
[SCHED] Forked process PID [SCHED] CR3 Switch: 0x000000000000A000 -> 0x0000000006403000 (Task: UserLoader)
qemu-system-x86_64: terminating on signal 15 from pid 9803 (<unknown process>)
